<?xml version="1.0" encoding="UTF-8"?>
<!-- Generated by org.testng.reporters.JUnitXMLReporter -->
<testsuite ignored="0" hostname="MSI" failures="0" tests="2" name="Command line test" time="3.271" errors="0" timestamp="2024-05-31T12:37:38 MSK">
  <testcase classname="com.stv.factory.factorytests.MainFactoryTest" name="assertAccountIconIsDisplayed" time="0.032"/>
  <testcase classname="com.stv.factory.factorytests.MainFactoryTest" name="assertAdminPanelOpened" time="0.426"/>
</testsuite> <!-- Command line test -->
